2022-02-17 18:30:37 INFO  RestAssuredAPITesting_StripeProject:18 - **************Started TC001_Get_All_Customers*************
2022-02-17 18:31:34 INFO  RestAssuredAPITesting_StripeProject:95 - **************Checking Content Length************
2022-02-17 18:31:34 INFO  RestAssuredAPITesting_StripeProject:97 - Content Length is:14001
2022-02-17 18:31:34 WARN  RestAssuredAPITesting_StripeProject:100 - Content Length is less then 15000
2022-02-17 18:31:34 INFO  RestAssuredAPITesting_StripeProject:77 - **************Checking Content Type************
2022-02-17 18:31:34 INFO  RestAssuredAPITesting_StripeProject:79 - Content Type is:application/json
2022-02-17 18:31:34 INFO  RestAssuredAPITesting_StripeProject:37 - **************Checking Response Body************
2022-02-17 18:31:34 INFO  RestAssuredAPITesting_StripeProject:39 - Response Body=>{
  "object": "list",
  "data": [
    {
      "id": "cus_LATFB6QC8UABob",
      "object": "customer",
      "account_balance": 0,
      "address": null,
      "balance": 0,
      "created": 1645097871,
      "currency": null,
      "default_source": null,
      "delinquent": false,
      "description": null,
      "discount": null,
      "email": "PreetiC@gmail.com",
      "invoice_prefix": "3645E9FB",
      "invoice_settings": {
        "custom_fields": null,
        "default_payment_method": null,
        "footer": null
      },
      "livemode": false,
      "metadata": {
      },
      "name": "J",
      "next_invoice_sequence": 1,
      "phone": null,
      "preferred_locales": [

      ],
      "shipping": null,
      "sources": {
        "object": "list",
        "data": [

        ],
        "has_more": false,
        "total_count": 0,
        "url": "/v1/customers/cus_LATFB6QC8UABob/sources"
      },
      "subscriptions": {
        "object": "list",
        "data": [

        ],
        "has_more": false,
        "total_count": 0,
        "url": "/v1/customers/cus_LATFB6QC8UABob/subscriptions"
      },
      "tax_exempt": "none",
      "tax_ids": {
        "object": "list",
        "data": [

        ],
        "has_more": false,
        "total_count": 0,
        "url": "/v1/customers/cus_LATFB6QC8UABob/tax_ids"
      },
      "tax_info": null,
      "tax_info_verification": null
    },
    {
      "id": "cus_LA6979xRel7t5x",
      "object": "customer",
      "account_balance": 0,
      "address": null,
      "balance": 0,
      "created": 1645011945,
      "currency": null,
      "default_source": null,
      "delinquent": false,
      "description": null,
      "discount": null,
      "email": "jain.sampada@gmail.com",
      "invoice_prefix": "9FD3E89E",
      "invoice_settings": {
        "custom_fields": null,
        "default_payment_method": null,
        "footer": null
      },
      "livemode": false,
      "metadata": {
      },
      "name": "Sampada",
      "next_invoice_sequence": 1,
      "phone": null,
      "preferred_locales": [

      ],
      "shipping": null,
      "sources": {
        "object": "list",
        "data": [

        ],
        "has_more": false,
        "total_count": 0,
        "url": "/v1/customers/cus_LA6979xRel7t5x/sources"
      },
      "subscriptions": {
        "object": "list",
        "data": [

        ],
        "has_more": false,
        "total_count": 0,
        "url": "/v1/customers/cus_LA6979xRel7t5x/subscriptions"
      },
      "tax_exempt": "none",
      "tax_ids": {
        "object": "list",
        "data": [

        ],
        "has_more": false,
        "total_count": 0,
        "url": "/v1/customers/cus_LA6979xRel7t5x/tax_ids"
      },
      "tax_info": null,
      "tax_info_verification": null
    },
    {
      "id": "cus_LA6538JJ2iqm9C",
      "object": "customer",
      "account_balance": 0,
      "address": null,
      "balance": 0,
      "created": 1645011730,
      "currency": null,
      "default_source": null,
      "delinquent": false,
      "description": null,
      "discount": null,
      "email": "jain.sampada@gmail.com",
      "invoice_prefix": "31C68570",
      "invoice_settings": {
        "custom_fields": null,
        "default_payment_method": null,
        "footer": null
      },
      "livemode": false,
      "metadata": {
      },
      "name": "Sampada",
      "next_invoice_sequence": 1,
      "phone": null,
      "preferred_locales": [

      ],
      "shipping": null,
      "sources": {
        "object": "list",
        "data": [

        ],
        "has_more": false,
        "total_count": 0,
        "url": "/v1/customers/cus_LA6538JJ2iqm9C/sources"
      },
      "subscriptions": {
        "object": "list",
        "data": [

        ],
        "has_more": false,
        "total_count": 0,
        "url": "/v1/customers/cus_LA6538JJ2iqm9C/subscriptions"
      },
      "tax_exempt": "none",
      "tax_ids": {
        "object": "list",
        "data": [

        ],
        "has_more": false,
        "total_count": 0,
        "url": "/v1/customers/cus_LA6538JJ2iqm9C/tax_ids"
      },
      "tax_info": null,
      "tax_info_verification": null
    },
    {
      "id": "cus_L9j7Sw8FlMDdU6",
      "object": "customer",
      "account_balance": 0,
      "address": null,
      "balance": 0,
      "created": 1644926293,
      "currency": null,
      "default_source": null,
      "delinquent": false,
      "description": null,
      "discount": null,
      "email": "sampada@gmail.com",
      "invoice_prefix": "FC69F356",
      "invoice_settings": {
        "custom_fields": null,
        "default_payment_method": null,
        "footer": null
      },
      "livemode": false,
      "metadata": {
      },
      "name": "Sampada",
      "next_invoice_sequence": 1,
      "phone": null,
      "preferred_locales": [

      ],
      "shipping": null,
      "sources": {
        "object": "list",
        "data": [

        ],
        "has_more": false,
        "total_count": 0,
        "url": "/v1/customers/cus_L9j7Sw8FlMDdU6/sources"
      },
      "subscriptions": {
        "object": "list",
        "data": [

        ],
        "has_more": false,
        "total_count": 0,
        "url": "/v1/customers/cus_L9j7Sw8FlMDdU6/subscriptions"
      },
      "tax_exempt": "none",
      "tax_ids": {
        "object": "list",
        "data": [

        ],
        "has_more": false,
        "total_count": 0,
        "url": "/v1/customers/cus_L9j7Sw8FlMDdU6/tax_ids"
      },
      "tax_info": null,
      "tax_info_verification": null
    },
    {
      "id": "cus_L9j7aUdrt4pESR",
      "object": "customer",
      "account_balance": 0,
      "address": null,
      "balance": 0,
      "created": 1644926292,
      "currency": null,
      "default_source": null,
      "delinquent": false,
      "description": null,
      "discount": null,
      "email": "shaveta@gmail.com",
      "invoice_prefix": "52DC8216",
      "invoice_settings": {
        "custom_fields": null,
        "default_payment_method": null,
        "footer": null
      },
      "livemode": false,
      "metadata": {
      },
      "name": "Shaveta",
      "next_invoice_sequence": 1,
      "phone": null,
      "preferred_locales": [

      ],
      "shipping": null,
      "sources": {
        "object": "list",
        "data": [

        ],
        "has_more": false,
        "total_count": 0,
        "url": "/v1/customers/cus_L9j7aUdrt4pESR/sources"
      },
      "subscriptions": {
        "object": "list",
        "data": [

        ],
        "has_more": false,
        "total_count": 0,
        "url": "/v1/customers/cus_L9j7aUdrt4pESR/subscriptions"
      },
      "tax_exempt": "none",
      "tax_ids": {
        "object": "list",
        "data": [

        ],
        "has_more": false,
        "total_count": 0,
        "url": "/v1/customers/cus_L9j7aUdrt4pESR/tax_ids"
      },
      "tax_info": null,
      "tax_info_verification": null
    },
    {
      "id": "cus_L9j7igb12fyLK6",
      "object": "customer",
      "account_balance": 0,
      "address": null,
      "balance": 0,
      "created": 1644926292,
      "currency": null,
      "default_source": null,
      "delinquent": false,
      "description": null,
      "discount": null,
      "email": "shubham@gmail.com",
      "invoice_prefix": "5CA02734",
      "invoice_settings": {
        "custom_fields": null,
        "default_payment_method": null,
        "footer": null
      },
      "livemode": false,
      "metadata": {
      },
      "name": "Shubham",
      "next_invoice_sequence": 1,
      "phone": null,
      "preferred_locales": [

      ],
      "shipping": null,
      "sources": {
        "object": "list",
        "data": [

        ],
        "has_more": false,
        "total_count": 0,
        "url": "/v1/customers/cus_L9j7igb12fyLK6/sources"
      },
      "subscriptions": {
        "object": "list",
        "data": [

        ],
        "has_more": false,
        "total_count": 0,
        "url": "/v1/customers/cus_L9j7igb12fyLK6/subscriptions"
      },
      "tax_exempt": "none",
      "tax_ids": {
        "object": "list",
        "data": [

        ],
        "has_more": false,
        "total_count": 0,
        "url": "/v1/customers/cus_L9j7igb12fyLK6/tax_ids"
      },
      "tax_info": null,
      "tax_info_verification": null
    },
    {
      "id": "cus_L9j5czkC7Pj7hQ",
      "object": "customer",
      "account_balance": 0,
      "address": null,
      "balance": 0,
      "created": 1644926151,
      "currency": null,
      "default_source": null,
      "delinquent": false,
      "description": null,
      "discount": null,
      "email": "sachin@gmail.com",
      "invoice_prefix": "10823485",
      "invoice_settings": {
        "custom_fields": null,
        "default_payment_method": null,
        "footer": null
      },
      "livemode": false,
      "metadata": {
      },
      "name": "Sachin",
      "next_invoice_sequence": 1,
      "phone": null,
      "preferred_locales": [

      ],
      "shipping": null,
      "sources": {
        "object": "list",
        "data": [

        ],
        "has_more": false,
        "total_count": 0,
        "url": "/v1/customers/cus_L9j5czkC7Pj7hQ/sources"
      },
      "subscriptions": {
        "object": "list",
        "data": [

        ],
        "has_more": false,
        "total_count": 0,
        "url": "/v1/customers/cus_L9j5czkC7Pj7hQ/subscriptions"
      },
      "tax_exempt": "none",
      "tax_ids": {
        "object": "list",
        "data": [

        ],
        "has_more": false,
        "total_count": 0,
        "url": "/v1/customers/cus_L9j5czkC7Pj7hQ/tax_ids"
      },
      "tax_info": null,
      "tax_info_verification": null
    },
    {
      "id": "cus_L9j5BzILcQqYT0",
      "object": "customer",
      "account_balance": 0,
      "address": null,
      "balance": 0,
      "created": 1644926150,
      "currency": null,
      "default_source": null,
      "delinquent": false,
      "description": null,
      "discount": null,
      "email": "sachin@gmail.com",
      "invoice_prefix": "04CE12DD",
      "invoice_settings": {
        "custom_fields": null,
        "default_payment_method": null,
        "footer": null
      },
      "livemode": false,
      "metadata": {
      },
      "name": "Sachin",
      "next_invoice_sequence": 1,
      "phone": null,
      "preferred_locales": [

      ],
      "shipping": null,
      "sources": {
        "object": "list",
        "data": [

        ],
        "has_more": false,
        "total_count": 0,
        "url": "/v1/customers/cus_L9j5BzILcQqYT0/sources"
      },
      "subscriptions": {
        "object": "list",
        "data": [

        ],
        "has_more": false,
        "total_count": 0,
        "url": "/v1/customers/cus_L9j5BzILcQqYT0/subscriptions"
      },
      "tax_exempt": "none",
      "tax_ids": {
        "object": "list",
        "data": [

        ],
        "has_more": false,
        "total_count": 0,
        "url": "/v1/customers/cus_L9j5BzILcQqYT0/tax_ids"
      },
      "tax_info": null,
      "tax_info_verification": null
    },
    {
      "id": "cus_L9j57Ihumuyokt",
      "object": "customer",
      "account_balance": 0,
      "address": null,
      "balance": 0,
      "created": 1644926150,
      "currency": null,
      "default_source": null,
      "delinquent": false,
      "description": null,
      "discount": null,
      "email": "sachin@gmail.com",
      "invoice_prefix": "CD55B0F4",
      "invoice_settings": {
        "custom_fields": null,
        "default_payment_method": null,
        "footer": null
      },
      "livemode": false,
      "metadata": {
      },
      "name": "Sachin",
      "next_invoice_sequence": 1,
      "phone": null,
      "preferred_locales": [

      ],
      "shipping": null,
      "sources": {
        "object": "list",
        "data": [

        ],
        "has_more": false,
        "total_count": 0,
        "url": "/v1/customers/cus_L9j57Ihumuyokt/sources"
      },
      "subscriptions": {
        "object": "list",
        "data": [

        ],
        "has_more": false,
        "total_count": 0,
        "url": "/v1/customers/cus_L9j57Ihumuyokt/subscriptions"
      },
      "tax_exempt": "none",
      "tax_ids": {
        "object": "list",
        "data": [

        ],
        "has_more": false,
        "total_count": 0,
        "url": "/v1/customers/cus_L9j57Ihumuyokt/tax_ids"
      },
      "tax_info": null,
      "tax_info_verification": null
    },
    {
      "id": "cus_L9izYEwLK9n2uh",
      "object": "customer",
      "account_balance": 0,
      "address": null,
      "balance": 0,
      "created": 1644925772,
      "currency": null,
      "default_source": null,
      "delinquent": false,
      "description": null,
      "discount": null,
      "email": "sachin@gmail.com",
      "invoice_prefix": "EA6236A4",
      "invoice_settings": {
        "custom_fields": null,
        "default_payment_method": null,
        "footer": null
      },
      "livemode": false,
      "metadata": {
      },
      "name": "Sachin",
      "next_invoice_sequence": 1,
      "phone": null,
      "preferred_locales": [

      ],
      "shipping": null,
      "sources": {
        "object": "list",
        "data": [

        ],
        "has_more": false,
        "total_count": 0,
        "url": "/v1/customers/cus_L9izYEwLK9n2uh/sources"
      },
      "subscriptions": {
        "object": "list",
        "data": [

        ],
        "has_more": false,
        "total_count": 0,
        "url": "/v1/customers/cus_L9izYEwLK9n2uh/subscriptions"
      },
      "tax_exempt": "none",
      "tax_ids": {
        "object": "list",
        "data": [

        ],
        "has_more": false,
        "total_count": 0,
        "url": "/v1/customers/cus_L9izYEwLK9n2uh/tax_ids"
      },
      "tax_info": null,
      "tax_info_verification": null
    }
  ],
  "has_more": true,
  "url": "/v1/customers"
}

2022-02-17 18:31:34 INFO  RestAssuredAPITesting_StripeProject:55 - **************Checking Response Time************
2022-02-17 18:31:34 INFO  RestAssuredAPITesting_StripeProject:57 - Response Time is:55259
2022-02-17 18:31:34 WARN  RestAssuredAPITesting_StripeProject:61 - Response time is greater then 2000
2022-02-17 18:31:34 INFO  RestAssuredAPITesting_StripeProject:86 - **************Checking Server Type************
2022-02-17 18:31:34 INFO  RestAssuredAPITesting_StripeProject:88 - Server Type is:nginx
2022-02-17 18:31:34 INFO  RestAssuredAPITesting_StripeProject:45 - **************Checking Status Code************
2022-02-17 18:31:34 INFO  RestAssuredAPITesting_StripeProject:49 - Status Code is:200
2022-02-17 18:31:34 INFO  RestAssuredAPITesting_StripeProject:69 - **************Checking Status Line************
2022-02-17 18:31:34 INFO  RestAssuredAPITesting_StripeProject:71 - Status Line is:HTTP/1.1 200 OK
2022-02-17 18:31:34 INFO  RestAssuredAPITesting_StripeProject:107 - **************Finished TC001_Get_All_Customers*************
2022-02-17 18:31:34 INFO  RestAssuredAPITesting_StripeProject:18 - **************Started TC002_Get_Single_Customer*************
2022-02-17 18:31:34 INFO  RestAssuredAPITesting_StripeProject:87 - **************Checking Content Length************
2022-02-17 18:31:34 INFO  RestAssuredAPITesting_StripeProject:69 - **************Checking Content Type************
2022-02-17 18:31:34 INFO  RestAssuredAPITesting_StripeProject:37 - **************Checking Response Body************
2022-02-17 18:31:34 INFO  RestAssuredAPITesting_StripeProject:53 - **************Checking Response Time************
2022-02-17 18:31:34 INFO  RestAssuredAPITesting_StripeProject:78 - **************Checking Server Type************
2022-02-17 18:31:34 INFO  RestAssuredAPITesting_StripeProject:44 - **************Checking Status Code************
2022-02-17 18:31:34 INFO  RestAssuredAPITesting_StripeProject:61 - **************Checking Status Line************
2022-02-17 18:31:34 INFO  RestAssuredAPITesting_StripeProject:95 - **************Finished TC002_Get_Single_Customers*************
2022-02-17 18:31:35 INFO  RestAssuredAPITesting_StripeProject:50 - **************Checking Response Time************
2022-02-17 18:31:35 INFO  RestAssuredAPITesting_StripeProject:41 - **************Checking Status Code************
2022-02-17 18:33:12 INFO  RestAssuredAPITesting_StripeProject:67 - **************Checking Content Type************
2022-02-17 18:33:12 INFO  RestAssuredAPITesting_StripeProject:93 - **************Finished TC002_Get_Single_Customers*************
2022-02-17 18:33:45 INFO  RestAssuredAPITesting_StripeProject:18 - **************Started TC001_Get_All_Customers*************
2022-02-17 18:33:49 INFO  RestAssuredAPITesting_StripeProject:95 - **************Checking Content Length************
2022-02-17 18:33:49 INFO  RestAssuredAPITesting_StripeProject:97 - Content Length is:13997
2022-02-17 18:33:49 WARN  RestAssuredAPITesting_StripeProject:100 - Content Length is less then 15000
2022-02-17 18:33:49 INFO  RestAssuredAPITesting_StripeProject:77 - **************Checking Content Type************
2022-02-17 18:33:49 INFO  RestAssuredAPITesting_StripeProject:79 - Content Type is:application/json
2022-02-17 18:33:49 INFO  RestAssuredAPITesting_StripeProject:37 - **************Checking Response Body************
2022-02-17 18:33:49 INFO  RestAssuredAPITesting_StripeProject:39 - Response Body=>{
  "object": "list",
  "data": [
    {
      "id": "cus_LAUb8aslnrj4g1",
      "object": "customer",
      "account_balance": 0,
      "address": null,
      "balance": 0,
      "created": 1645102894,
      "currency": null,
      "default_source": null,
      "delinquent": false,
      "description": null,
      "discount": null,
      "email": "PreetiS@gmail.com",
      "invoice_prefix": "5563D78A",
      "invoice_settings": {
        "custom_fields": null,
        "default_payment_method": null,
        "footer": null
      },
      "livemode": false,
      "metadata": {
      },
      "name": "m",
      "next_invoice_sequence": 1,
      "phone": null,
      "preferred_locales": [

      ],
      "shipping": null,
      "sources": {
        "object": "list",
        "data": [

        ],
        "has_more": false,
        "total_count": 0,
        "url": "/v1/customers/cus_LAUb8aslnrj4g1/sources"
      },
      "subscriptions": {
        "object": "list",
        "data": [

        ],
        "has_more": false,
        "total_count": 0,
        "url": "/v1/customers/cus_LAUb8aslnrj4g1/subscriptions"
      },
      "tax_exempt": "none",
      "tax_ids": {
        "object": "list",
        "data": [

        ],
        "has_more": false,
        "total_count": 0,
        "url": "/v1/customers/cus_LAUb8aslnrj4g1/tax_ids"
      },
      "tax_info": null,
      "tax_info_verification": null
    },
    {
      "id": "cus_LATFB6QC8UABob",
      "object": "customer",
      "account_balance": 0,
      "address": null,
      "balance": 0,
      "created": 1645097871,
      "currency": null,
      "default_source": null,
      "delinquent": false,
      "description": null,
      "discount": null,
      "email": "PreetiC@gmail.com",
      "invoice_prefix": "3645E9FB",
      "invoice_settings": {
        "custom_fields": null,
        "default_payment_method": null,
        "footer": null
      },
      "livemode": false,
      "metadata": {
      },
      "name": "J",
      "next_invoice_sequence": 1,
      "phone": null,
      "preferred_locales": [

      ],
      "shipping": null,
      "sources": {
        "object": "list",
        "data": [

        ],
        "has_more": false,
        "total_count": 0,
        "url": "/v1/customers/cus_LATFB6QC8UABob/sources"
      },
      "subscriptions": {
        "object": "list",
        "data": [

        ],
        "has_more": false,
        "total_count": 0,
        "url": "/v1/customers/cus_LATFB6QC8UABob/subscriptions"
      },
      "tax_exempt": "none",
      "tax_ids": {
        "object": "list",
        "data": [

        ],
        "has_more": false,
        "total_count": 0,
        "url": "/v1/customers/cus_LATFB6QC8UABob/tax_ids"
      },
      "tax_info": null,
      "tax_info_verification": null
    },
    {
      "id": "cus_LA6979xRel7t5x",
      "object": "customer",
      "account_balance": 0,
      "address": null,
      "balance": 0,
      "created": 1645011945,
      "currency": null,
      "default_source": null,
      "delinquent": false,
      "description": null,
      "discount": null,
      "email": "jain.sampada@gmail.com",
      "invoice_prefix": "9FD3E89E",
      "invoice_settings": {
        "custom_fields": null,
        "default_payment_method": null,
        "footer": null
      },
      "livemode": false,
      "metadata": {
      },
      "name": "Sampada",
      "next_invoice_sequence": 1,
      "phone": null,
      "preferred_locales": [

      ],
      "shipping": null,
      "sources": {
        "object": "list",
        "data": [

        ],
        "has_more": false,
        "total_count": 0,
        "url": "/v1/customers/cus_LA6979xRel7t5x/sources"
      },
      "subscriptions": {
        "object": "list",
        "data": [

        ],
        "has_more": false,
        "total_count": 0,
        "url": "/v1/customers/cus_LA6979xRel7t5x/subscriptions"
      },
      "tax_exempt": "none",
      "tax_ids": {
        "object": "list",
        "data": [

        ],
        "has_more": false,
        "total_count": 0,
        "url": "/v1/customers/cus_LA6979xRel7t5x/tax_ids"
      },
      "tax_info": null,
      "tax_info_verification": null
    },
    {
      "id": "cus_LA6538JJ2iqm9C",
      "object": "customer",
      "account_balance": 0,
      "address": null,
      "balance": 0,
      "created": 1645011730,
      "currency": null,
      "default_source": null,
      "delinquent": false,
      "description": null,
      "discount": null,
      "email": "jain.sampada@gmail.com",
      "invoice_prefix": "31C68570",
      "invoice_settings": {
        "custom_fields": null,
        "default_payment_method": null,
        "footer": null
      },
      "livemode": false,
      "metadata": {
      },
      "name": "Sampada",
      "next_invoice_sequence": 1,
      "phone": null,
      "preferred_locales": [

      ],
      "shipping": null,
      "sources": {
        "object": "list",
        "data": [

        ],
        "has_more": false,
        "total_count": 0,
        "url": "/v1/customers/cus_LA6538JJ2iqm9C/sources"
      },
      "subscriptions": {
        "object": "list",
        "data": [

        ],
        "has_more": false,
        "total_count": 0,
        "url": "/v1/customers/cus_LA6538JJ2iqm9C/subscriptions"
      },
      "tax_exempt": "none",
      "tax_ids": {
        "object": "list",
        "data": [

        ],
        "has_more": false,
        "total_count": 0,
        "url": "/v1/customers/cus_LA6538JJ2iqm9C/tax_ids"
      },
      "tax_info": null,
      "tax_info_verification": null
    },
    {
      "id": "cus_L9j7Sw8FlMDdU6",
      "object": "customer",
      "account_balance": 0,
      "address": null,
      "balance": 0,
      "created": 1644926293,
      "currency": null,
      "default_source": null,
      "delinquent": false,
      "description": null,
      "discount": null,
      "email": "sampada@gmail.com",
      "invoice_prefix": "FC69F356",
      "invoice_settings": {
        "custom_fields": null,
        "default_payment_method": null,
        "footer": null
      },
      "livemode": false,
      "metadata": {
      },
      "name": "Sampada",
      "next_invoice_sequence": 1,
      "phone": null,
      "preferred_locales": [

      ],
      "shipping": null,
      "sources": {
        "object": "list",
        "data": [

        ],
        "has_more": false,
        "total_count": 0,
        "url": "/v1/customers/cus_L9j7Sw8FlMDdU6/sources"
      },
      "subscriptions": {
        "object": "list",
        "data": [

        ],
        "has_more": false,
        "total_count": 0,
        "url": "/v1/customers/cus_L9j7Sw8FlMDdU6/subscriptions"
      },
      "tax_exempt": "none",
      "tax_ids": {
        "object": "list",
        "data": [

        ],
        "has_more": false,
        "total_count": 0,
        "url": "/v1/customers/cus_L9j7Sw8FlMDdU6/tax_ids"
      },
      "tax_info": null,
      "tax_info_verification": null
    },
    {
      "id": "cus_L9j7aUdrt4pESR",
      "object": "customer",
      "account_balance": 0,
      "address": null,
      "balance": 0,
      "created": 1644926292,
      "currency": null,
      "default_source": null,
      "delinquent": false,
      "description": null,
      "discount": null,
      "email": "shaveta@gmail.com",
      "invoice_prefix": "52DC8216",
      "invoice_settings": {
        "custom_fields": null,
        "default_payment_method": null,
        "footer": null
      },
      "livemode": false,
      "metadata": {
      },
      "name": "Shaveta",
      "next_invoice_sequence": 1,
      "phone": null,
      "preferred_locales": [

      ],
      "shipping": null,
      "sources": {
        "object": "list",
        "data": [

        ],
        "has_more": false,
        "total_count": 0,
        "url": "/v1/customers/cus_L9j7aUdrt4pESR/sources"
      },
      "subscriptions": {
        "object": "list",
        "data": [

        ],
        "has_more": false,
        "total_count": 0,
        "url": "/v1/customers/cus_L9j7aUdrt4pESR/subscriptions"
      },
      "tax_exempt": "none",
      "tax_ids": {
        "object": "list",
        "data": [

        ],
        "has_more": false,
        "total_count": 0,
        "url": "/v1/customers/cus_L9j7aUdrt4pESR/tax_ids"
      },
      "tax_info": null,
      "tax_info_verification": null
    },
    {
      "id": "cus_L9j7igb12fyLK6",
      "object": "customer",
      "account_balance": 0,
      "address": null,
      "balance": 0,
      "created": 1644926292,
      "currency": null,
      "default_source": null,
      "delinquent": false,
      "description": null,
      "discount": null,
      "email": "shubham@gmail.com",
      "invoice_prefix": "5CA02734",
      "invoice_settings": {
        "custom_fields": null,
        "default_payment_method": null,
        "footer": null
      },
      "livemode": false,
      "metadata": {
      },
      "name": "Shubham",
      "next_invoice_sequence": 1,
      "phone": null,
      "preferred_locales": [

      ],
      "shipping": null,
      "sources": {
        "object": "list",
        "data": [

        ],
        "has_more": false,
        "total_count": 0,
        "url": "/v1/customers/cus_L9j7igb12fyLK6/sources"
      },
      "subscriptions": {
        "object": "list",
        "data": [

        ],
        "has_more": false,
        "total_count": 0,
        "url": "/v1/customers/cus_L9j7igb12fyLK6/subscriptions"
      },
      "tax_exempt": "none",
      "tax_ids": {
        "object": "list",
        "data": [

        ],
        "has_more": false,
        "total_count": 0,
        "url": "/v1/customers/cus_L9j7igb12fyLK6/tax_ids"
      },
      "tax_info": null,
      "tax_info_verification": null
    },
    {
      "id": "cus_L9j5czkC7Pj7hQ",
      "object": "customer",
      "account_balance": 0,
      "address": null,
      "balance": 0,
      "created": 1644926151,
      "currency": null,
      "default_source": null,
      "delinquent": false,
      "description": null,
      "discount": null,
      "email": "sachin@gmail.com",
      "invoice_prefix": "10823485",
      "invoice_settings": {
        "custom_fields": null,
        "default_payment_method": null,
        "footer": null
      },
      "livemode": false,
      "metadata": {
      },
      "name": "Sachin",
      "next_invoice_sequence": 1,
      "phone": null,
      "preferred_locales": [

      ],
      "shipping": null,
      "sources": {
        "object": "list",
        "data": [

        ],
        "has_more": false,
        "total_count": 0,
        "url": "/v1/customers/cus_L9j5czkC7Pj7hQ/sources"
      },
      "subscriptions": {
        "object": "list",
        "data": [

        ],
        "has_more": false,
        "total_count": 0,
        "url": "/v1/customers/cus_L9j5czkC7Pj7hQ/subscriptions"
      },
      "tax_exempt": "none",
      "tax_ids": {
        "object": "list",
        "data": [

        ],
        "has_more": false,
        "total_count": 0,
        "url": "/v1/customers/cus_L9j5czkC7Pj7hQ/tax_ids"
      },
      "tax_info": null,
      "tax_info_verification": null
    },
    {
      "id": "cus_L9j5BzILcQqYT0",
      "object": "customer",
      "account_balance": 0,
      "address": null,
      "balance": 0,
      "created": 1644926150,
      "currency": null,
      "default_source": null,
      "delinquent": false,
      "description": null,
      "discount": null,
      "email": "sachin@gmail.com",
      "invoice_prefix": "04CE12DD",
      "invoice_settings": {
        "custom_fields": null,
        "default_payment_method": null,
        "footer": null
      },
      "livemode": false,
      "metadata": {
      },
      "name": "Sachin",
      "next_invoice_sequence": 1,
      "phone": null,
      "preferred_locales": [

      ],
      "shipping": null,
      "sources": {
        "object": "list",
        "data": [

        ],
        "has_more": false,
        "total_count": 0,
        "url": "/v1/customers/cus_L9j5BzILcQqYT0/sources"
      },
      "subscriptions": {
        "object": "list",
        "data": [

        ],
        "has_more": false,
        "total_count": 0,
        "url": "/v1/customers/cus_L9j5BzILcQqYT0/subscriptions"
      },
      "tax_exempt": "none",
      "tax_ids": {
        "object": "list",
        "data": [

        ],
        "has_more": false,
        "total_count": 0,
        "url": "/v1/customers/cus_L9j5BzILcQqYT0/tax_ids"
      },
      "tax_info": null,
      "tax_info_verification": null
    },
    {
      "id": "cus_L9j57Ihumuyokt",
      "object": "customer",
      "account_balance": 0,
      "address": null,
      "balance": 0,
      "created": 1644926150,
      "currency": null,
      "default_source": null,
      "delinquent": false,
      "description": null,
      "discount": null,
      "email": "sachin@gmail.com",
      "invoice_prefix": "CD55B0F4",
      "invoice_settings": {
        "custom_fields": null,
        "default_payment_method": null,
        "footer": null
      },
      "livemode": false,
      "metadata": {
      },
      "name": "Sachin",
      "next_invoice_sequence": 1,
      "phone": null,
      "preferred_locales": [

      ],
      "shipping": null,
      "sources": {
        "object": "list",
        "data": [

        ],
        "has_more": false,
        "total_count": 0,
        "url": "/v1/customers/cus_L9j57Ihumuyokt/sources"
      },
      "subscriptions": {
        "object": "list",
        "data": [

        ],
        "has_more": false,
        "total_count": 0,
        "url": "/v1/customers/cus_L9j57Ihumuyokt/subscriptions"
      },
      "tax_exempt": "none",
      "tax_ids": {
        "object": "list",
        "data": [

        ],
        "has_more": false,
        "total_count": 0,
        "url": "/v1/customers/cus_L9j57Ihumuyokt/tax_ids"
      },
      "tax_info": null,
      "tax_info_verification": null
    }
  ],
  "has_more": true,
  "url": "/v1/customers"
}

2022-02-17 18:33:49 INFO  RestAssuredAPITesting_StripeProject:55 - **************Checking Response Time************
2022-02-17 18:33:49 INFO  RestAssuredAPITesting_StripeProject:57 - Response Time is:2925
2022-02-17 18:33:49 WARN  RestAssuredAPITesting_StripeProject:61 - Response time is greater then 2000
2022-02-17 18:33:49 INFO  RestAssuredAPITesting_StripeProject:86 - **************Checking Server Type************
2022-02-17 18:33:49 INFO  RestAssuredAPITesting_StripeProject:88 - Server Type is:nginx
2022-02-17 18:33:49 INFO  RestAssuredAPITesting_StripeProject:45 - **************Checking Status Code************
2022-02-17 18:33:49 INFO  RestAssuredAPITesting_StripeProject:49 - Status Code is:200
2022-02-17 18:33:49 INFO  RestAssuredAPITesting_StripeProject:69 - **************Checking Status Line************
2022-02-17 18:33:49 INFO  RestAssuredAPITesting_StripeProject:71 - Status Line is:HTTP/1.1 200 OK
2022-02-17 18:33:49 INFO  RestAssuredAPITesting_StripeProject:107 - **************Finished TC001_Get_All_Customers*************
2022-02-17 18:33:49 INFO  RestAssuredAPITesting_StripeProject:18 - **************Started TC002_Get_Single_Customer*************
2022-02-17 18:33:51 INFO  RestAssuredAPITesting_StripeProject:87 - **************Checking Content Length************
2022-02-17 18:33:51 INFO  RestAssuredAPITesting_StripeProject:69 - **************Checking Content Type************
2022-02-17 18:33:51 INFO  RestAssuredAPITesting_StripeProject:37 - **************Checking Response Body************
2022-02-17 18:33:51 INFO  RestAssuredAPITesting_StripeProject:53 - **************Checking Response Time************
2022-02-17 18:33:51 INFO  RestAssuredAPITesting_StripeProject:78 - **************Checking Server Type************
2022-02-17 18:33:51 INFO  RestAssuredAPITesting_StripeProject:44 - **************Checking Status Code************
2022-02-17 18:33:51 INFO  RestAssuredAPITesting_StripeProject:61 - **************Checking Status Line************
2022-02-17 18:33:51 INFO  RestAssuredAPITesting_StripeProject:95 - **************Finished TC002_Get_Single_Customers*************
2022-02-17 18:33:53 INFO  RestAssuredAPITesting_StripeProject:85 - **************Checking Content Length************
2022-02-17 18:33:53 INFO  RestAssuredAPITesting_StripeProject:67 - **************Checking Content Type************
2022-02-17 18:33:53 INFO  RestAssuredAPITesting_StripeProject:51 - **************Checking Response Time************
2022-02-17 18:33:53 INFO  RestAssuredAPITesting_StripeProject:76 - **************Checking Server Type************
2022-02-17 18:33:53 INFO  RestAssuredAPITesting_StripeProject:42 - **************Checking Status Code************
2022-02-17 18:33:53 INFO  RestAssuredAPITesting_StripeProject:59 - **************Checking Status Line************
2022-02-17 18:33:53 INFO  RestAssuredAPITesting_StripeProject:93 - **************Finished TC002_Get_Single_Customers*************
